2023-01-04 16:30:29.896 [Thread-3] DEBUG it.emacompany.cookingwiki.LoginController - Hashing della password...
2023-01-04 16:30:29.907 [Thread-3] DEBUG it.emacompany.cookingwiki.LoginController - Hashing effettuato.
2023-01-04 16:30:29.907 [Thread-3] DEBUG it.emacompany.cookingwiki.LoginController - Connessione al servizio...
2023-01-04 16:30:29.934 [Thread-3] DEBUG it.emacompany.cookingwiki.LoginController - Attesa risposta...
2023-01-04 16:30:30.471 [Thread-3] DEBUG it.emacompany.cookingwiki.LoginController - Risposta ricevuta: Utente non trovato.
2023-01-04 16:30:54.311 [Thread-4] DEBUG it.emacompany.cookingwiki.RegisterController - Hashing della password...
2023-01-04 16:30:54.313 [Thread-4] DEBUG it.emacompany.cookingwiki.RegisterController - Hashing effettuato.
2023-01-04 16:30:54.313 [Thread-4] DEBUG it.emacompany.cookingwiki.RegisterController - Serializzazione dei dati...
2023-01-04 16:30:54.380 [Thread-4] DEBUG it.emacompany.cookingwiki.RegisterController - Dati serializzati.
2023-01-04 16:30:54.381 [Thread-4] DEBUG it.emacompany.cookingwiki.RegisterController - Connessione al servizio...
2023-01-04 16:30:54.383 [Thread-4] DEBUG it.emacompany.cookingwiki.RegisterController - Dati inviati.
2023-01-04 16:30:54.384 [Thread-4] DEBUG it.emacompany.cookingwiki.RegisterController - Attesa risposta...
2023-01-04 16:30:54.506 [Thread-4] DEBUG it.emacompany.cookingwiki.RegisterController - Risposta ricevuta: OK
2023-01-04 16:31:10.241 [Thread-6] DEBUG it.emacompany.cookingwiki.RegisterController - Hashing della password...
2023-01-04 16:31:10.243 [Thread-6] DEBUG it.emacompany.cookingwiki.RegisterController - Hashing effettuato.
2023-01-04 16:31:10.243 [Thread-6] DEBUG it.emacompany.cookingwiki.RegisterController - Serializzazione dei dati...
2023-01-04 16:31:10.244 [Thread-6] DEBUG it.emacompany.cookingwiki.RegisterController - Dati serializzati.
2023-01-04 16:31:10.244 [Thread-6] DEBUG it.emacompany.cookingwiki.RegisterController - Connessione al servizio...
2023-01-04 16:31:10.245 [Thread-6] DEBUG it.emacompany.cookingwiki.RegisterController - Dati inviati.
2023-01-04 16:31:10.245 [Thread-6] DEBUG it.emacompany.cookingwiki.RegisterController - Attesa risposta...
2023-01-04 16:31:10.324 [Thread-6] DEBUG it.emacompany.cookingwiki.RegisterController - Risposta ricevuta: OK
2023-01-04 16:31:45.619 [Thread-8] DEBUG it.emacompany.cookingwiki.RegisterController - Hashing della password...
2023-01-04 16:31:45.620 [Thread-8] DEBUG it.emacompany.cookingwiki.RegisterController - Hashing effettuato.
2023-01-04 16:31:45.620 [Thread-8] DEBUG it.emacompany.cookingwiki.RegisterController - Serializzazione dei dati...
2023-01-04 16:31:45.621 [Thread-8] DEBUG it.emacompany.cookingwiki.RegisterController - Dati serializzati.
2023-01-04 16:31:45.622 [Thread-8] DEBUG it.emacompany.cookingwiki.RegisterController - Connessione al servizio...
2023-01-04 16:31:45.623 [Thread-8] DEBUG it.emacompany.cookingwiki.RegisterController - Dati inviati.
2023-01-04 16:31:45.623 [Thread-8] DEBUG it.emacompany.cookingwiki.RegisterController - Attesa risposta...
2023-01-04 16:31:45.740 [Thread-8] DEBUG it.emacompany.cookingwiki.RegisterController - Risposta ricevuta: OK
2023-01-04 16:32:07.241 [Thread-10] DEBUG it.emacompany.cookingwiki.RegisterController - Domanda di sicurezza non selezionata.
2023-01-04 16:32:09.989 [Thread-11] DEBUG it.emacompany.cookingwiki.RegisterController - Hashing della password...
2023-01-04 16:32:09.990 [Thread-11] DEBUG it.emacompany.cookingwiki.RegisterController - Hashing effettuato.
2023-01-04 16:32:09.990 [Thread-11] DEBUG it.emacompany.cookingwiki.RegisterController - Serializzazione dei dati...
2023-01-04 16:32:09.991 [Thread-11] DEBUG it.emacompany.cookingwiki.RegisterController - Dati serializzati.
2023-01-04 16:32:09.991 [Thread-11] DEBUG it.emacompany.cookingwiki.RegisterController - Connessione al servizio...
2023-01-04 16:32:09.992 [Thread-11] DEBUG it.emacompany.cookingwiki.RegisterController - Dati inviati.
2023-01-04 16:32:09.992 [Thread-11] DEBUG it.emacompany.cookingwiki.RegisterController - Attesa risposta...
2023-01-04 16:32:10.073 [Thread-11] DEBUG it.emacompany.cookingwiki.RegisterController - Risposta ricevuta: OK
2023-01-04 16:33:10.948 [Thread-13] DEBUG it.emacompany.cookingwiki.RegisterController - Hashing della password...
2023-01-04 16:33:10.949 [Thread-13] DEBUG it.emacompany.cookingwiki.RegisterController - Hashing effettuato.
2023-01-04 16:33:10.949 [Thread-13] DEBUG it.emacompany.cookingwiki.RegisterController - Serializzazione dei dati...
2023-01-04 16:33:10.950 [Thread-13] DEBUG it.emacompany.cookingwiki.RegisterController - Dati serializzati.
2023-01-04 16:33:10.950 [Thread-13] DEBUG it.emacompany.cookingwiki.RegisterController - Connessione al servizio...
2023-01-04 16:33:10.952 [Thread-13] DEBUG it.emacompany.cookingwiki.RegisterController - Dati inviati.
2023-01-04 16:33:10.953 [Thread-13] DEBUG it.emacompany.cookingwiki.RegisterController - Attesa risposta...
2023-01-04 16:33:11.029 [Thread-13] DEBUG it.emacompany.cookingwiki.RegisterController - Risposta ricevuta: OK
2023-01-04 16:54:20.256 [Thread-16] DEBUG it.emacompany.cookingwiki.LoginController - Hashing della password...
2023-01-04 16:54:20.259 [Thread-16] DEBUG it.emacompany.cookingwiki.LoginController - Hashing effettuato.
2023-01-04 16:54:20.259 [Thread-16] DEBUG it.emacompany.cookingwiki.LoginController - Connessione al servizio...
2023-01-04 16:54:20.260 [Thread-16] DEBUG it.emacompany.cookingwiki.LoginController - Attesa risposta...
2023-01-04 16:54:20.414 [Thread-16] DEBUG it.emacompany.cookingwiki.LoginController - Risposta ricevuta: Utente non trovato.
2023-01-04 16:54:37.532 [Thread-17] DEBUG it.emacompany.cookingwiki.LoginController - Hashing della password...
2023-01-04 16:54:37.534 [Thread-17] DEBUG it.emacompany.cookingwiki.LoginController - Hashing effettuato.
2023-01-04 16:54:37.535 [Thread-17] DEBUG it.emacompany.cookingwiki.LoginController - Connessione al servizio...
2023-01-04 16:54:37.536 [Thread-17] DEBUG it.emacompany.cookingwiki.LoginController - Attesa risposta...
2023-01-04 16:54:37.587 [Thread-17] DEBUG it.emacompany.cookingwiki.LoginController - Risposta ricevuta: OK
2023-01-04 16:55:26.832 [Thread-3] DEBUG it.emacompany.cookingwiki.LoginController - Hashing della password...
2023-01-04 16:55:26.849 [Thread-3] DEBUG it.emacompany.cookingwiki.LoginController - Hashing effettuato.
2023-01-04 16:55:26.850 [Thread-3] DEBUG it.emacompany.cookingwiki.LoginController - Connessione al servizio...
2023-01-04 16:55:26.883 [Thread-3] DEBUG it.emacompany.cookingwiki.LoginController - Attesa risposta...
2023-01-04 16:55:26.950 [Thread-3] DEBUG it.emacompany.cookingwiki.LoginController - Risposta ricevuta: OK
2023-01-04 17:02:20.440 [Thread-3] DEBUG it.emacompany.cookingwiki.LoginController - Hashing della password...
2023-01-04 17:02:20.453 [Thread-3] DEBUG it.emacompany.cookingwiki.LoginController - Hashing effettuato.
2023-01-04 17:02:20.453 [Thread-3] DEBUG it.emacompany.cookingwiki.LoginController - Connessione al servizio...
2023-01-04 17:02:20.482 [Thread-3] DEBUG it.emacompany.cookingwiki.LoginController - Attesa risposta...
2023-01-04 17:02:20.552 [Thread-3] DEBUG it.emacompany.cookingwiki.LoginController - Risposta ricevuta: OK
2023-01-04 17:08:01.930 [Thread-5] DEBUG it.emacompany.cookingwiki.UploadController - Serializzazione dei dati...
2023-01-04 17:08:02.013 [Thread-5] DEBUG it.emacompany.cookingwiki.UploadController - Dati serializzati:
{"autore":"ema","titolo":"jno\u0027sxx","difficoltà":"Facile","preparazione":"4","cottura":"4","numeroDosi":"4","costo":"4","presentazione":"43","ingredienti":[{"nome":"fc","quantità":"34"}],"passi":["fvc"],"conservazione":"dcsc","suggerimenti":"dcsc","tags":["Carne","Secondi vegetariani","Facili e veloci"]}
2023-01-04 17:08:02.013 [Thread-5] DEBUG it.emacompany.cookingwiki.UploadController - Connessione al servizio...
2023-01-04 17:08:02.018 [Thread-5] DEBUG it.emacompany.cookingwiki.UploadController - Dati inviati.
2023-01-04 17:08:02.018 [Thread-5] DEBUG it.emacompany.cookingwiki.UploadController - Attesa risposta...
2023-01-04 17:08:02.273 [Thread-5] DEBUG it.emacompany.cookingwiki.UploadController - Risposta ricevuta: Errore nel recupero dati da db.
2023-01-04 17:11:38.855 [Thread-6] DEBUG it.emacompany.cookingwiki.UploadController - Serializzazione dei dati...
2023-01-04 17:11:38.855 [Thread-6] DEBUG it.emacompany.cookingwiki.UploadController - Dati serializzati:
{"autore":"ema","titolo":"jno\u0027sxx","difficoltà":"Facile","preparazione":"4","cottura":"4","numeroDosi":"4","costo":"4","presentazione":"43","ingredienti":[{"nome":"fc","quantità":"34"}],"passi":["fvc"],"conservazione":"dcsc","suggerimenti":"dcsc","tags":["Carne","Secondi vegetariani","Facili e veloci"]}
2023-01-04 17:11:38.855 [Thread-6] DEBUG it.emacompany.cookingwiki.UploadController - Connessione al servizio...
2023-01-04 17:11:38.855 [Thread-6] DEBUG it.emacompany.cookingwiki.UploadController - Dati inviati.
2023-01-04 17:11:38.861 [Thread-6] DEBUG it.emacompany.cookingwiki.UploadController - Attesa risposta...
2023-01-04 17:11:39.368 [Thread-6] DEBUG it.emacompany.cookingwiki.UploadController - Risposta ricevuta: Errore nel recupero dati da db.
2023-01-04 17:12:57.882 [Thread-7] DEBUG it.emacompany.cookingwiki.UploadController - Serializzazione dei dati...
2023-01-04 17:12:57.888 [Thread-7] DEBUG it.emacompany.cookingwiki.UploadController - Dati serializzati:
{"autore":"ema","titolo":"jno\u0027sxx","difficoltà":"Facile","preparazione":"4","cottura":"4","numeroDosi":"4","costo":"4","presentazione":"43","ingredienti":[{"nome":"fc","quantità":"34"}],"passi":["fvc"],"conservazione":"dcsc","suggerimenti":"dcsc","tags":["Carne","Secondi vegetariani","Facili e veloci"]}
2023-01-04 17:12:57.888 [Thread-7] DEBUG it.emacompany.cookingwiki.UploadController - Connessione al servizio...
2023-01-04 17:12:57.888 [Thread-7] DEBUG it.emacompany.cookingwiki.UploadController - Dati inviati.
2023-01-04 17:12:57.888 [Thread-7] DEBUG it.emacompany.cookingwiki.UploadController - Attesa risposta...
2023-01-04 17:12:58.489 [Thread-7] DEBUG it.emacompany.cookingwiki.UploadController - Risposta ricevuta: Errore nel recupero dati da db.
2023-01-04 17:14:48.111 [Thread-8] DEBUG it.emacompany.cookingwiki.UploadController - Serializzazione dei dati...
2023-01-04 17:14:48.113 [Thread-8] DEBUG it.emacompany.cookingwiki.UploadController - Dati serializzati:
{"autore":"ema","titolo":"jno\u0027sxx","difficoltà":"Facile","preparazione":"4","cottura":"4","numeroDosi":"4","costo":"4","presentazione":"43","ingredienti":[{"nome":"fc","quantità":"34"}],"passi":["fvc"],"conservazione":"dcsc","suggerimenti":"dcsc","tags":["Carne","Secondi vegetariani","Facili e veloci"]}
2023-01-04 17:14:48.114 [Thread-8] DEBUG it.emacompany.cookingwiki.UploadController - Connessione al servizio...
2023-01-04 17:14:48.116 [Thread-8] DEBUG it.emacompany.cookingwiki.UploadController - Dati inviati.
2023-01-04 17:14:48.116 [Thread-8] DEBUG it.emacompany.cookingwiki.UploadController - Attesa risposta...
2023-01-04 17:14:48.703 [Thread-8] DEBUG it.emacompany.cookingwiki.UploadController - Risposta ricevuta: Errore nel recupero dati da db.
2023-01-04 17:17:09.611 [Thread-9] DEBUG it.emacompany.cookingwiki.UploadController - Serializzazione dei dati...
2023-01-04 17:17:09.613 [Thread-9] DEBUG it.emacompany.cookingwiki.UploadController - Dati serializzati:
{"autore":"ema","titolo":"jno\u0027sxx","difficoltà":"Facile","preparazione":"4","cottura":"4","numeroDosi":"4","costo":"4","presentazione":"43","ingredienti":[{"nome":"fc","quantità":"34"}],"passi":["fvc"],"conservazione":"dcsc","suggerimenti":"dcsc","tags":["Carne","Secondi vegetariani","Facili e veloci"]}
2023-01-04 17:17:09.614 [Thread-9] DEBUG it.emacompany.cookingwiki.UploadController - Connessione al servizio...
2023-01-04 17:17:09.616 [Thread-9] DEBUG it.emacompany.cookingwiki.UploadController - Dati inviati.
2023-01-04 17:17:09.617 [Thread-9] DEBUG it.emacompany.cookingwiki.UploadController - Attesa risposta...
2023-01-04 17:17:10.212 [Thread-9] DEBUG it.emacompany.cookingwiki.UploadController - Risposta ricevuta: Errore nel recupero dati da db.
2023-01-04 17:23:46.013 [Thread-3] DEBUG it.emacompany.cookingwiki.LoginController - Hashing della password...
2023-01-04 17:23:46.026 [Thread-3] DEBUG it.emacompany.cookingwiki.LoginController - Hashing effettuato.
2023-01-04 17:23:46.027 [Thread-3] DEBUG it.emacompany.cookingwiki.LoginController - Connessione al servizio...
2023-01-04 17:23:46.055 [Thread-3] DEBUG it.emacompany.cookingwiki.LoginController - Attesa risposta...
2023-01-04 17:23:46.117 [Thread-3] DEBUG it.emacompany.cookingwiki.LoginController - Risposta ricevuta: OK
2023-01-04 17:24:10.129 [Thread-5] DEBUG it.emacompany.cookingwiki.UploadController - Serializzazione dei dati...
2023-01-04 17:24:10.221 [Thread-5] DEBUG it.emacompany.cookingwiki.UploadController - Dati serializzati:
{"autore":"ema","titolo":"scdc\u0027ffv","difficoltà":"Difficile","preparazione":"4","cottura":"4","numeroDosi":"4","costo":"4","presentazione":"vssc","ingredienti":[{"nome":"dcs ","quantità":"32"}],"passi":["dsc"],"conservazione":"sdc","suggerimenti":"dcs","tags":["Paste sfiziose","Secondi vegetariani"]}
2023-01-04 17:24:10.222 [Thread-5] DEBUG it.emacompany.cookingwiki.UploadController - Connessione al servizio...
2023-01-04 17:24:10.225 [Thread-5] DEBUG it.emacompany.cookingwiki.UploadController - Dati inviati.
2023-01-04 17:24:10.226 [Thread-5] DEBUG it.emacompany.cookingwiki.UploadController - Attesa risposta...
2023-01-04 17:24:10.268 [Thread-5] DEBUG it.emacompany.cookingwiki.UploadController - Risposta ricevuta: Errore nel recupero dati da db.
2023-01-04 17:27:00.652 [Thread-6] DEBUG it.emacompany.cookingwiki.UploadController - Serializzazione dei dati...
2023-01-04 17:27:00.652 [Thread-6] DEBUG it.emacompany.cookingwiki.UploadController - Dati serializzati:
{"autore":"ema","titolo":"scdc\u0027ffv","difficoltà":"Difficile","preparazione":"4","cottura":"4","numeroDosi":"4","costo":"4","presentazione":"vssc","ingredienti":[{"nome":"dcs ","quantità":"32"}],"passi":["dsc"],"conservazione":"sdc","suggerimenti":"dcs","tags":["Paste sfiziose","Secondi vegetariani"]}
2023-01-04 17:27:00.652 [Thread-6] DEBUG it.emacompany.cookingwiki.UploadController - Connessione al servizio...
2023-01-04 17:27:00.652 [Thread-6] DEBUG it.emacompany.cookingwiki.UploadController - Dati inviati.
2023-01-04 17:27:00.652 [Thread-6] DEBUG it.emacompany.cookingwiki.UploadController - Attesa risposta...
2023-01-04 17:27:01.207 [Thread-6] DEBUG it.emacompany.cookingwiki.UploadController - Risposta ricevuta: Errore nell'inserimento dei dati nel db.
2023-01-04 17:28:34.227 [Thread-3] DEBUG it.emacompany.cookingwiki.LoginController - Hashing della password...
2023-01-04 17:28:34.239 [Thread-3] DEBUG it.emacompany.cookingwiki.LoginController - Hashing effettuato.
2023-01-04 17:28:34.239 [Thread-3] DEBUG it.emacompany.cookingwiki.LoginController - Connessione al servizio...
2023-01-04 17:28:34.274 [Thread-3] DEBUG it.emacompany.cookingwiki.LoginController - Attesa risposta...
2023-01-04 17:28:34.390 [Thread-3] DEBUG it.emacompany.cookingwiki.LoginController - Risposta ricevuta: OK
2023-01-04 17:28:55.776 [Thread-5] DEBUG it.emacompany.cookingwiki.UploadController - Serializzazione dei dati...
2023-01-04 17:28:55.856 [Thread-5] DEBUG it.emacompany.cookingwiki.UploadController - Dati serializzati:
{"autore":"ema","titolo":"sdin\u0027ef","difficoltà":"Medio","preparazione":"4","cottura":"4","numeroDosi":"4","costo":"4","presentazione":"dvb","ingredienti":[{"nome":"ddf","quantità":"3453"}],"passi":["fvdf"],"conservazione":"vfv","suggerimenti":"fvs","tags":["Torte"]}
2023-01-04 17:28:55.858 [Thread-5] DEBUG it.emacompany.cookingwiki.UploadController - Connessione al servizio...
2023-01-04 17:28:55.861 [Thread-5] DEBUG it.emacompany.cookingwiki.UploadController - Dati inviati.
2023-01-04 17:28:55.862 [Thread-5] DEBUG it.emacompany.cookingwiki.UploadController - Attesa risposta...
2023-01-04 17:28:55.932 [Thread-5] DEBUG it.emacompany.cookingwiki.UploadController - Risposta ricevuta: Errore nell'inserimento dei dati nel db.
2023-01-04 17:29:57.742 [Thread-3] DEBUG it.emacompany.cookingwiki.LoginController - Hashing della password...
2023-01-04 17:29:57.756 [Thread-3] DEBUG it.emacompany.cookingwiki.LoginController - Hashing effettuato.
2023-01-04 17:29:57.756 [Thread-3] DEBUG it.emacompany.cookingwiki.LoginController - Connessione al servizio...
2023-01-04 17:29:57.786 [Thread-3] DEBUG it.emacompany.cookingwiki.LoginController - Attesa risposta...
2023-01-04 17:29:57.850 [Thread-3] DEBUG it.emacompany.cookingwiki.LoginController - Risposta ricevuta: OK
2023-01-04 17:30:20.603 [Thread-5] DEBUG it.emacompany.cookingwiki.UploadController - Serializzazione dei dati...
2023-01-04 17:30:20.669 [Thread-5] DEBUG it.emacompany.cookingwiki.UploadController - Dati serializzati:
{"autore":"ema","titolo":"xwfa\u0027\u0027fxa","difficoltà":"Medio","preparazione":"4","cottura":"4","numeroDosi":"4","costo":"4","presentazione":"fds","ingredienti":[{"nome":"43","quantità":"ds "}],"passi":["sd s"],"conservazione":"c","suggerimenti":"dcs","tags":["Facili e veloci"]}
2023-01-04 17:30:20.670 [Thread-5] DEBUG it.emacompany.cookingwiki.UploadController - Connessione al servizio...
2023-01-04 17:30:20.673 [Thread-5] DEBUG it.emacompany.cookingwiki.UploadController - Dati inviati.
2023-01-04 17:30:20.674 [Thread-5] DEBUG it.emacompany.cookingwiki.UploadController - Attesa risposta...
2023-01-04 17:30:20.882 [Thread-5] DEBUG it.emacompany.cookingwiki.UploadController - Risposta ricevuta: OK
2023-01-04 18:13:55.084 [Thread-3] DEBUG it.emacompany.cookingwiki.LoginController - Hashing della password...
2023-01-04 18:13:55.102 [Thread-3] DEBUG it.emacompany.cookingwiki.LoginController - Hashing effettuato.
2023-01-04 18:13:55.102 [Thread-3] DEBUG it.emacompany.cookingwiki.LoginController - Connessione al servizio...
2023-01-04 18:13:55.134 [Thread-3] DEBUG it.emacompany.cookingwiki.LoginController - Attesa risposta...
2023-01-04 18:13:55.274 [Thread-3] DEBUG it.emacompany.cookingwiki.LoginController - Risposta ricevuta: Utente non trovato.
2023-01-04 18:14:03.627 [Thread-4] DEBUG it.emacompany.cookingwiki.RegisterController - Hashing della password...
2023-01-04 18:14:03.629 [Thread-4] DEBUG it.emacompany.cookingwiki.RegisterController - Hashing effettuato.
2023-01-04 18:14:03.629 [Thread-4] DEBUG it.emacompany.cookingwiki.RegisterController - Serializzazione dei dati...
2023-01-04 18:14:03.684 [Thread-4] DEBUG it.emacompany.cookingwiki.RegisterController - Dati serializzati.
2023-01-04 18:14:03.684 [Thread-4] DEBUG it.emacompany.cookingwiki.RegisterController - Connessione al servizio...
2023-01-04 18:14:03.687 [Thread-4] DEBUG it.emacompany.cookingwiki.RegisterController - Dati inviati.
2023-01-04 18:14:03.688 [Thread-4] DEBUG it.emacompany.cookingwiki.RegisterController - Attesa risposta...
2023-01-04 18:14:03.784 [Thread-4] DEBUG it.emacompany.cookingwiki.RegisterController - Risposta ricevuta: OK
2023-01-04 18:14:07.847 [Thread-6] DEBUG it.emacompany.cookingwiki.LoginController - Hashing della password...
2023-01-04 18:14:07.849 [Thread-6] DEBUG it.emacompany.cookingwiki.LoginController - Hashing effettuato.
2023-01-04 18:14:07.849 [Thread-6] DEBUG it.emacompany.cookingwiki.LoginController - Connessione al servizio...
2023-01-04 18:14:07.850 [Thread-6] DEBUG it.emacompany.cookingwiki.LoginController - Attesa risposta...
2023-01-04 18:14:07.890 [Thread-6] DEBUG it.emacompany.cookingwiki.LoginController - Risposta ricevuta: OK
2023-01-04 18:14:47.020 [Thread-8] DEBUG it.emacompany.cookingwiki.UploadController - Serializzazione dei dati...
2023-01-04 18:14:47.029 [Thread-8] DEBUG it.emacompany.cookingwiki.UploadController - Dati serializzati:
{"autore":"e","titolo":"erxcf","difficoltà":"Medio","preparazione":"354","cottura":"35","numeroDosi":"34","costo":"34","presentazione":"dfc","ingredienti":[{"nome":"cg","quantità":"43"},{"nome":"ecr","quantità":"43"}],"passi":["fgbd"," vdvdfv "," v v f ","v efvcfw"],"conservazione":"efw","suggerimenti":"ecw","tags":["Grandi classici","Biscotti"]}
2023-01-04 18:14:47.030 [Thread-8] DEBUG it.emacompany.cookingwiki.UploadController - Connessione al servizio...
2023-01-04 18:14:47.031 [Thread-8] DEBUG it.emacompany.cookingwiki.UploadController - Dati inviati.
2023-01-04 18:14:47.031 [Thread-8] DEBUG it.emacompany.cookingwiki.UploadController - Attesa risposta...
2023-01-04 18:14:47.118 [Thread-8] DEBUG it.emacompany.cookingwiki.UploadController - Risposta ricevuta: Errore nell'inserimento dei dati nel db (caratteri non consentiti o valori non leciti).
2023-01-04 18:17:13.128 [Thread-9] DEBUG it.emacompany.cookingwiki.UploadController - Serializzazione dei dati...
2023-01-04 18:17:13.130 [Thread-9] DEBUG it.emacompany.cookingwiki.UploadController - Dati serializzati:
{"autore":"e","titolo":"erxcf","difficoltà":"Medio","preparazione":"354","cottura":"35","numeroDosi":"34","costo":"34","presentazione":"dfc","ingredienti":[{"nome":"cg","quantità":"43"},{"nome":"ecr","quantità":"43"}],"passi":["fgbd"," vdvdfv "," v v f ","v efvcfw"],"conservazione":"efw","suggerimenti":"ecw","tags":["Grandi classici","Biscotti"]}
2023-01-04 18:17:13.131 [Thread-9] DEBUG it.emacompany.cookingwiki.UploadController - Connessione al servizio...
2023-01-04 18:17:13.134 [Thread-9] DEBUG it.emacompany.cookingwiki.UploadController - Dati inviati.
2023-01-04 18:17:13.135 [Thread-9] DEBUG it.emacompany.cookingwiki.UploadController - Attesa risposta...
2023-01-04 18:17:13.992 [Thread-9] DEBUG it.emacompany.cookingwiki.UploadController - Risposta ricevuta: OK
2023-01-04 18:25:01.806 [Thread-3] DEBUG it.emacompany.cookingwiki.LoginController - Hashing della password...
2023-01-04 18:25:01.819 [Thread-3] DEBUG it.emacompany.cookingwiki.LoginController - Hashing effettuato.
2023-01-04 18:25:01.820 [Thread-3] DEBUG it.emacompany.cookingwiki.LoginController - Connessione al servizio...
2023-01-04 18:25:01.858 [Thread-3] DEBUG it.emacompany.cookingwiki.LoginController - Attesa risposta...
2023-01-04 18:25:01.940 [Thread-3] DEBUG it.emacompany.cookingwiki.LoginController - Risposta ricevuta: OK
2023-01-04 18:25:23.834 [Thread-5] DEBUG it.emacompany.cookingwiki.UploadController - Titolo della ricetta non inserito o carattere errato (") utilizzato.
2023-01-04 18:25:32.753 [Thread-6] DEBUG it.emacompany.cookingwiki.UploadController - Serializzazione dei dati...
2023-01-04 18:25:32.834 [Thread-6] DEBUG it.emacompany.cookingwiki.UploadController - Dati serializzati:
{"autore":"e","titolo":"dvcd","difficoltà":"Medio","preparazione":"5","cottura":"5","numeroDosi":"5","costo":"5","presentazione":"5ev","ingredienti":[{"nome":"5","quantità":"5f"}],"passi":["ce"],"conservazione":"cc","suggerimenti":"c","tags":["Piccola pasticceria"]}
2023-01-04 18:25:32.835 [Thread-6] DEBUG it.emacompany.cookingwiki.UploadController - Connessione al servizio...
2023-01-04 18:25:32.839 [Thread-6] DEBUG it.emacompany.cookingwiki.UploadController - Dati inviati.
2023-01-04 18:25:32.839 [Thread-6] DEBUG it.emacompany.cookingwiki.UploadController - Attesa risposta...
2023-01-04 18:25:32.998 [Thread-6] DEBUG it.emacompany.cookingwiki.UploadController - Risposta ricevuta: OK
2023-01-04 18:29:44.632 [Thread-3] DEBUG it.emacompany.cookingwiki.LoginController - Hashing della password...
2023-01-04 18:29:44.643 [Thread-3] DEBUG it.emacompany.cookingwiki.LoginController - Hashing effettuato.
2023-01-04 18:29:44.643 [Thread-3] DEBUG it.emacompany.cookingwiki.LoginController - Connessione al servizio...
2023-01-04 18:29:44.670 [Thread-3] DEBUG it.emacompany.cookingwiki.LoginController - Attesa risposta...
2023-01-04 18:29:44.715 [Thread-3] DEBUG it.emacompany.cookingwiki.LoginController - Risposta ricevuta: OK
2023-01-04 18:30:06.000 [Thread-5] DEBUG it.emacompany.cookingwiki.UploadController - Serializzazione dei dati...
2023-01-04 18:30:06.086 [Thread-5] DEBUG it.emacompany.cookingwiki.UploadController - Dati serializzati:
{"autore":"e","titolo":"\"","difficoltà":"Difficile","preparazione":"5","cottura":"5","numeroDosi":"5","costo":"5","presentazione":"v","ingredienti":[{"nome":"dfb","quantità":"dfb"}],"passi":["b fds"],"conservazione":"d","suggerimenti":"df","tags":["Piatti unici"]}
2023-01-04 18:30:06.086 [Thread-5] DEBUG it.emacompany.cookingwiki.UploadController - Connessione al servizio...
2023-01-04 18:30:06.089 [Thread-5] DEBUG it.emacompany.cookingwiki.UploadController - Dati inviati.
2023-01-04 18:30:06.090 [Thread-5] DEBUG it.emacompany.cookingwiki.UploadController - Attesa risposta...
2023-01-04 18:30:06.144 [Thread-5] DEBUG it.emacompany.cookingwiki.UploadController - Risposta ricevuta: Errore nell'inserimento dei dati nel db.
2023-01-04 20:35:56.133 [Thread-3] DEBUG it.emacompany.cookingwiki.LoginController - Hashing della password...
2023-01-04 20:35:56.149 [Thread-3] DEBUG it.emacompany.cookingwiki.LoginController - Hashing effettuato.
2023-01-04 20:35:56.149 [Thread-3] DEBUG it.emacompany.cookingwiki.LoginController - Connessione al servizio...
2023-01-04 20:35:56.178 [Thread-3] DEBUG it.emacompany.cookingwiki.LoginController - Attesa risposta...
2023-01-04 20:35:56.284 [Thread-3] DEBUG it.emacompany.cookingwiki.LoginController - Risposta ricevuta: OK
2023-01-04 20:36:22.572 [Thread-5] DEBUG it.emacompany.cookingwiki.UploadController - Serializzazione dei dati...
2023-01-04 20:36:22.642 [Thread-5] DEBUG it.emacompany.cookingwiki.UploadController - Dati serializzati:
{"autore":"e","titolo":"dcsdscsc","difficoltà":"Difficile","preparazione":"4","cottura":"4","numeroDosi":"4","costo":"4","presentazione":"df\nscac sc","ingredienti":[{"nome":"dfv","quantità":"423r"}],"passi":["qds\nsdc"],"conservazione":"ec","suggerimenti":"cd","tags":["Grandi classici","Piatti unici","Marmellate","Piatti veloci"]}
2023-01-04 20:36:22.643 [Thread-5] DEBUG it.emacompany.cookingwiki.UploadController - Connessione al servizio...
2023-01-04 20:36:22.646 [Thread-5] DEBUG it.emacompany.cookingwiki.UploadController - Dati inviati.
2023-01-04 20:36:22.647 [Thread-5] DEBUG it.emacompany.cookingwiki.UploadController - Attesa risposta...
2023-01-04 20:36:22.827 [Thread-5] DEBUG it.emacompany.cookingwiki.UploadController - Risposta ricevuta: OK
